<?xml version="1.0" encoding="UTF-8"?>
<!-- Generated by org.testng.reporters.JUnitXMLReporter -->
<testsuite ignored="0" hostname="LAPTOP-9SCQQS69" failures="1" tests="1" name="Firefox Test" time="27.667" errors="0" timestamp="2024-06-09T20:33:40 IST">
  <testcase classname="com.TestMethods.SeleniumAdvanceTest" name="Testmethod" time="10.553">
    <failure type="java.lang.AssertionError" message="expected [‘TestingWhiz Integration | LambdaTest’.] but found [Running Automation Tests Using TestingWhiz LambdaTest | LambdaTest]">
      <![CDATA[java.lang.AssertionError: expected [‘TestingWhiz Integration | LambdaTest’.] but found [Running Automation Tests Using TestingWhiz LambdaTest | LambdaTest]
at com.webPages.LambdaWebPage.clickSeeAllLink(LambdaWebPage.java:40)
at com.TestMethods.SeleniumAdvanceTest.Testmethod(SeleniumAdvanceTest.java:24)
at java.base/java.util.ArrayList.forEach(ArrayList.java:1596)
at java.base/java.util.concurrent.FutureTask.run(FutureTask.java:317)
at java.base/java.util.concurrent.ThreadPoolExecutor.runWorker(ThreadPoolExecutor.java:1144)
at java.base/java.util.concurrent.ThreadPoolExecutor$Worker.run(ThreadPoolExecutor.java:642)
at java.base/java.lang.Thread.run(Thread.java:1583)
... Removed 21 stack frames]]>
    </failure>
  </testcase> <!-- Testmethod -->
</testsuite> <!-- Firefox Test -->
